2021-10-14 18:40:14,883 | INFO | Model name: RBF SVC, Train time: 0:01:39.824694, Number of data sets: 10
2021-10-14 18:41:58,786 | INFO | Model name: Poly SVC, Train time: 0:01:43.903370, Number of data sets: 10
2021-10-14 18:44:59,033 | INFO | Model name: Sigmoid SVC, Train time: 0:03:00.247051, Number of data sets: 10
2021-10-14 18:44:59,034 | WARNING | Training complete
2021-10-14 18:45:59,048 | INFO | Accuracy of RBF SVC, is 
 [99.28571428571429, 99.20704845814979, 97.48062015503875, 98.51485148514851, 97.86150712830958, 97.6457399103139, 98.53862212943632, 96.88715953307393, 97.5359342915811, 96.13478691774033] 
 With mean of 97.90919842945064 %
2021-10-14 18:45:59,048 | WARNING | Prediction complete: RBF SVC, prediction time: 0:01:00.014098
2021-10-14 18:46:24,623 | INFO | Accuracy of Poly SVC, is 
 [98.87755102040816, 99.29515418502203, 97.48062015503875, 97.42574257425743, 98.37067209775967, 97.42152466367713, 97.80793319415449, 96.78988326848248, 97.43326488706366, 96.03567888999008] 
 With mean of 97.69380249358538 %
2021-10-14 18:46:24,624 | WARNING | Prediction complete: Poly SVC, prediction time: 0:00:24.100697
2021-10-14 18:47:22,812 | INFO | Accuracy of Sigmoid SVC, is 
 [82.85714285714286, 94.5374449339207, 75.48449612403101, 71.78217821782178, 84.5213849287169, 66.25560538116592, 81.83716075156576, 82.68482490272373, 64.06570841889116, 68.48364717542121] 
 With mean of 77.2509593691401 %
2021-10-14 18:47:22,812 | WARNING | Prediction complete: Sigmoid SVC, prediction time: 0:00:56.816876
2021-10-14 18:49:14,883 | INFO | Model name: Linear SVC, Train time: 0:00:04.385311, Number of data sets: 3
2021-10-14 18:49:14,884 | WARNING | Training complete
2021-10-14 18:50:59,162 | INFO | Accuracy of Linear SVC, is 
 [99.08163265306122, 99.29515418502203, 95.83333333333334] 
 With mean of 98.07004005713888 %
2021-10-14 18:50:59,162 | WARNING | Prediction complete: Linear SVC, prediction time: 0:00:00.345253
